<?xml version="1.0" encoding="UTF-8"?>
<testsuites name="jest tests" tests="22" failures="0" errors="0" time="0.604">
  <testsuite name="Data Integrity Regression Tests" errors="0" failures="0" skipped="9" timestamp="2025-06-17T20:26:15" time="0.329" tests="9">
    <testcase classname="Data Integrity Regression Tests Database Operations should maintain referential integrity between competitors and snapshots" name="Data Integrity Regression Tests Database Operations should maintain referential integrity between competitors and snapshots" time="0">
      <skipped/>
    </testcase>
    <testcase classname="Data Integrity Regression Tests Database Operations should handle concurrent database operations without corruption" name="Data Integrity Regression Tests Database Operations should handle concurrent database operations without corruption" time="0">
      <skipped/>
    </testcase>
    <testcase classname="Data Integrity Regression Tests Database Operations should validate data before storage" name="Data Integrity Regression Tests Database Operations should validate data before storage" time="0">
      <skipped/>
    </testcase>
    <testcase classname="Data Integrity Regression Tests Content Diff Integrity should maintain diff accuracy across multiple comparisons" name="Data Integrity Regression Tests Content Diff Integrity should maintain diff accuracy across multiple comparisons" time="0">
      <skipped/>
    </testcase>
    <testcase classname="Data Integrity Regression Tests Content Diff Integrity should detect significant changes correctly" name="Data Integrity Regression Tests Content Diff Integrity should detect significant changes correctly" time="0">
      <skipped/>
    </testcase>
    <testcase classname="Data Integrity Regression Tests Analysis Data Consistency should maintain analysis result consistency" name="Data Integrity Regression Tests Analysis Data Consistency should maintain analysis result consistency" time="0">
      <skipped/>
    </testcase>
    <testcase classname="Data Integrity Regression Tests Analysis Data Consistency should handle analysis data corruption gracefully" name="Data Integrity Regression Tests Analysis Data Consistency should handle analysis data corruption gracefully" time="0">
      <skipped/>
    </testcase>
    <testcase classname="Data Integrity Regression Tests Report Data Integrity should maintain report structure consistency" name="Data Integrity Regression Tests Report Data Integrity should maintain report structure consistency" time="0">
      <skipped/>
    </testcase>
    <testcase classname="Data Integrity Regression Tests Report Data Integrity should handle report versioning correctly" name="Data Integrity Regression Tests Report Data Integrity should handle report versioning correctly" time="0">
      <skipped/>
    </testcase>
  </testsuite>
  <testsuite name="Critical Paths Regression Tests" errors="0" failures="0" skipped="0" timestamp="2025-06-17T20:26:15" time="0.403" tests="13">
    <testcase classname="Critical Paths Regression Tests Report Generation - Critical Smoke Tests should generate a report successfully" name="Critical Paths Regression Tests Report Generation - Critical Smoke Tests should generate a report successfully" time="0.031">
    </testcase>
    <testcase classname="Critical Paths Regression Tests Report Generation - Critical Smoke Tests should handle competitor not found gracefully" name="Critical Paths Regression Tests Report Generation - Critical Smoke Tests should handle competitor not found gracefully" time="0.003">
    </testcase>
    <testcase classname="Critical Paths Regression Tests Report Generation - Critical Smoke Tests should validate input parameters" name="Critical Paths Regression Tests Report Generation - Critical Smoke Tests should validate input parameters" time="0.003">
    </testcase>
    <testcase classname="Critical Paths Regression Tests Content Analysis - Critical Smoke Tests should perform content analysis successfully" name="Critical Paths Regression Tests Content Analysis - Critical Smoke Tests should perform content analysis successfully" time="0.003">
    </testcase>
    <testcase classname="Critical Paths Regression Tests Content Analysis - Critical Smoke Tests should handle AI service failures gracefully" name="Critical Paths Regression Tests Content Analysis - Critical Smoke Tests should handle AI service failures gracefully" time="0.008">
    </testcase>
    <testcase classname="Critical Paths Regression Tests Data Integrity - Critical Checks should maintain data consistency in report storage" name="Critical Paths Regression Tests Data Integrity - Critical Checks should maintain data consistency in report storage" time="0.004">
    </testcase>
    <testcase classname="Critical Paths Regression Tests Data Integrity - Critical Checks should handle database transaction failures" name="Critical Paths Regression Tests Data Integrity - Critical Checks should handle database transaction failures" time="0.003">
    </testcase>
    <testcase classname="Critical Paths Regression Tests Data Integrity - Critical Checks should handle malformed data gracefully" name="Critical Paths Regression Tests Data Integrity - Critical Checks should handle malformed data gracefully" time="0.002">
    </testcase>
    <testcase classname="Critical Paths Regression Tests Performance - Critical Benchmarks should complete report generation within acceptable time limits" name="Critical Paths Regression Tests Performance - Critical Benchmarks should complete report generation within acceptable time limits" time="0.003">
    </testcase>
    <testcase classname="Critical Paths Regression Tests Performance - Critical Benchmarks should handle concurrent report generations" name="Critical Paths Regression Tests Performance - Critical Benchmarks should handle concurrent report generations" time="0.005">
    </testcase>
    <testcase classname="Critical Paths Regression Tests Error Handling - Critical Recovery should recover from temporary service failures" name="Critical Paths Regression Tests Error Handling - Critical Recovery should recover from temporary service failures" time="0.004">
    </testcase>
    <testcase classname="Critical Paths Regression Tests Error Handling - Critical Recovery should handle malformed data gracefully" name="Critical Paths Regression Tests Error Handling - Critical Recovery should handle malformed data gracefully" time="0.002">
    </testcase>
    <testcase classname="Critical Paths Regression Tests Integration - Critical Workflows should complete end-to-end report workflow" name="Critical Paths Regression Tests Integration - Critical Workflows should complete end-to-end report workflow" time="0.004">
    </testcase>
  </testsuite>
</testsuites>