<?xml version="1.0" encoding="UTF-8"?>
<testsuites name="jest tests" tests="5" failures="4" errors="0" time="3.676">
  <testsuite name="/api/reports" errors="0" failures="4" skipped="0" timestamp="2025-06-05T18:56:29" time="3.642" tests="5">
    <testcase classname="/api/reports POST /api/reports should return 401 if not authenticated" name="/api/reports POST /api/reports should return 401 if not authenticated" time="0.022">
      <failure>Error: expect(received).toBe(expected) // Object.is equality

Expected: 401
Received: 500
    at Object.&lt;anonymous&gt; (/Users/nikita.gorshkov/competitor-research-agent/src/__tests__/integration/reports.test.ts:79:36)
    at processTicksAndRejections (node:internal/process/task_queues:105:5)</failure>
    </testcase>
    <testcase classname="/api/reports POST /api/reports should validate request body" name="/api/reports POST /api/reports should validate request body" time="0.006">
      <failure>Error: expect(received).toBe(expected) // Object.is equality

Expected: 400
Received: 500
    at Object.&lt;anonymous&gt; (/Users/nikita.gorshkov/competitor-research-agent/src/__tests__/integration/reports.test.ts:96:36)
    at processTicksAndRejections (node:internal/process/task_queues:105:5)</failure>
    </testcase>
    <testcase classname="/api/reports POST /api/reports should create a report successfully" name="/api/reports POST /api/reports should create a report successfully" time="0.002">
      <failure>Error: expect(received).toBe(expected) // Object.is equality

Expected: 200
Received: 500
    at Object.&lt;anonymous&gt; (/Users/nikita.gorshkov/competitor-research-agent/src/__tests__/integration/reports.test.ts:168:36)
    at processTicksAndRejections (node:internal/process/task_queues:105:5)</failure>
    </testcase>
    <testcase classname="/api/reports POST /api/reports should handle internal errors" name="/api/reports POST /api/reports should handle internal errors" time="0.002">
    </testcase>
    <testcase classname="/api/reports Invalid methods should return 405 for non-POST methods" name="/api/reports Invalid methods should return 405 for non-POST methods" time="0.002">
      <failure>Error: expect(received).toBe(expected) // Object.is equality

Expected: 405
Received: 500
    at Object.&lt;anonymous&gt; (/Users/nikita.gorshkov/competitor-research-agent/src/__tests__/integration/reports.test.ts:207:36)
    at processTicksAndRejections (node:internal/process/task_queues:105:5)</failure>
    </testcase>
  </testsuite>
</testsuites>