<?xml version="1.0" encoding="UTF-8"?>
<testsuites name="jest tests" tests="7" failures="0" errors="0" time="4.571">
  <testsuite name="ComparativeReportSchedulerSimple" errors="0" failures="0" skipped="0" timestamp="2025-06-10T09:18:12" time="4.517" tests="7">
    <testcase classname="ComparativeReportSchedulerSimple Core Functionality should create scheduler instance successfully" name="ComparativeReportSchedulerSimple Core Functionality should create scheduler instance successfully" time="0.002">
    </testcase>
    <testcase classname="ComparativeReportSchedulerSimple Core Functionality should convert frequencies to cron expressions correctly" name="ComparativeReportSchedulerSimple Core Functionality should convert frequencies to cron expressions correctly" time="0.001">
    </testcase>
    <testcase classname="ComparativeReportSchedulerSimple Core Functionality should manage active executions" name="ComparativeReportSchedulerSimple Core Functionality should manage active executions" time="0">
    </testcase>
    <testcase classname="ComparativeReportSchedulerSimple Core Functionality should stop and start schedules" name="ComparativeReportSchedulerSimple Core Functionality should stop and start schedules" time="0">
    </testcase>
    <testcase classname="ComparativeReportSchedulerSimple Core Functionality should stop all jobs during cleanup" name="ComparativeReportSchedulerSimple Core Functionality should stop all jobs during cleanup" time="0">
    </testcase>
    <testcase classname="ComparativeReportSchedulerSimple Configuration Validation should handle default configuration" name="ComparativeReportSchedulerSimple Configuration Validation should handle default configuration" time="0">
    </testcase>
    <testcase classname="ComparativeReportSchedulerSimple Cron Expression Calculation should calculate next run time" name="ComparativeReportSchedulerSimple Cron Expression Calculation should calculate next run time" time="0.001">
    </testcase>
  </testsuite>
</testsuites>